<?xml version="1.0" encoding="UTF-8"?>
<!-- Generated by org.testng.reporters.JUnitReportReporter -->
<testsuite hostname="AWESOME" failures="0" tests="4" name="TestScenarios.TestSenarios_Signup" time="43.033" errors="0" timestamp="2022-09-20T06:53:58 IST" skipped="0">
  <testcase classname="TestScenarios.TestSenarios_Signup" name="alert" time="0.130"/>
  <system-out/>
  <testcase classname="TestScenarios.TestSenarios_Signup" name="account" time="5.164"/>
  <system-out/>
  <testcase classname="TestScenarios.TestSenarios_Signup" name="registeruser" time="12.031"/>
  <system-out/>
  <testcase classname="TestScenarios.TestSenarios_Signup" name="selectitems" time="25.708"/>
  <system-out/>
</testsuite> <!-- TestScenarios.TestSenarios_Signup -->
